2025-07-23 06:31:24 INFO  TC001_AccountRegistration:17 - **** i am starting test case TC001 ****
2025-07-23 06:31:25 INFO  TC001_AccountRegistration:25 - **** i am clicking register ****
2025-07-23 06:31:25 INFO  TC001_AccountRegistration:28 - **** Providing  customer details ****
2025-07-23 06:31:27 INFO  TC001_AccountRegistration:46 - **** Validating the result ****
2025-07-23 06:31:27 INFO  TC001_AccountRegistration:68 - ** test completed***
2025-07-23 06:36:44 INFO  Utils:112 - [TestNG] Running:
  C:\Workspace\Java 29-05\OpenCart01\Grouping.xml

2025-07-23 06:36:49 INFO  TC002_LoginTestCase:19 - **TC002 is started ***
2025-07-23 06:36:50 INFO  TC002_LoginTestCase:19 - **TC002 is started ***
2025-07-23 06:37:26 INFO  TC002_LoginTestCase:19 - **TC002 is started ***
2025-07-23 06:37:34 INFO  TC002_LoginTestCase:42 - ***Logined into the page****
2025-07-23 06:37:35 INFO  TC002_LoginTestCase:58 - ***TC is finished**
2025-07-23 06:38:36 INFO  TC001_AccountRegistration:17 - **** i am starting test case TC001 ****
2025-07-23 06:38:37 INFO  TC001_AccountRegistration:25 - **** i am clicking register ****
2025-07-23 06:38:37 INFO  TC001_AccountRegistration:28 - **** Providing  customer details ****
2025-07-23 06:38:39 INFO  TC001_AccountRegistration:46 - **** Validating the result ****
2025-07-23 06:38:39 INFO  TC001_AccountRegistration:68 - ** test completed***
2025-07-23 06:41:15 INFO  Utils:112 - [TestNG] Running:
  C:\Workspace\Java 29-05\OpenCart01\Grouping.xml

2025-07-23 06:41:19 INFO  TC002_LoginTestCase:19 - **TC002 is started ***
2025-07-23 06:41:21 INFO  TC002_LoginTestCase:42 - ***Logined into the page****
2025-07-23 06:41:21 INFO  TC002_LoginTestCase:58 - ***TC is finished**
2025-07-23 06:41:24 INFO  TC002_LoginTestCase:19 - **TC002 is started ***
2025-07-23 06:41:26 INFO  TC002_LoginTestCase:42 - ***Logined into the page****
2025-07-23 06:41:26 INFO  TC002_LoginTestCase:58 - ***TC is finished**
2025-07-23 06:41:32 INFO  TC002_LoginTestCase:19 - **TC002 is started ***
2025-07-23 06:41:34 INFO  TC002_LoginTestCase:42 - ***Logined into the page****
2025-07-23 06:41:34 INFO  TC002_LoginTestCase:58 - ***TC is finished**
2025-07-23 06:59:49 INFO  TC001_AccountRegistration:17 - **** i am starting test case TC001 ****
2025-07-23 06:59:50 INFO  TC001_AccountRegistration:25 - **** i am clicking register ****
2025-07-23 06:59:50 INFO  TC001_AccountRegistration:28 - **** Providing  customer details ****
2025-07-23 06:59:52 INFO  TC001_AccountRegistration:46 - **** Validating the result ****
2025-07-23 06:59:52 INFO  TC001_AccountRegistration:68 - ** test completed***
2025-07-23 07:11:22 INFO  TC001_AccountRegistration:17 - **** i am starting test case TC001 ****
2025-07-23 07:11:23 INFO  TC001_AccountRegistration:25 - **** i am clicking register ****
2025-07-23 07:11:23 INFO  TC001_AccountRegistration:28 - **** Providing  customer details ****
2025-07-23 07:11:25 INFO  TC001_AccountRegistration:46 - **** Validating the result ****
2025-07-23 07:11:25 INFO  TC001_AccountRegistration:68 - ** test completed***
